JvmtiExport can_access_local_variables 0
JvmtiExport can_hotswap_or_post_breakpoint 0
JvmtiExport can_post_on_exceptions 0
# 154 ciObject found
ciMethod java/lang/Object <init> ()V 4097 1 3996866 0 0
ciMethod java/lang/System currentTimeMillis ()J 2049 1 256 0 -1
ciMethod java/security/AccessControlContext getDebug ()Lsun/security/util/Debug; 0 0 1 0 -1
ciMethod java/security/AccessControlContext <init> ([Ljava/security/ProtectionDomain;Z)V 97 1 36 0 0
ciMethod java/security/AccessControlContext optimize ()Ljava/security/AccessControlContext; 3073 1 12323 0 3008
ciMethod java/security/AccessControlContext combine ([Ljava/security/ProtectionDomain;[Ljava/security/ProtectionDomain;)[Ljava/security/ProtectionDomain; 961 865 7005 0 -1
ciMethod java/security/AccessControlContext calculateFields (Ljava/security/AccessControlContext;Ljava/security/AccessControlContext;[Ljava/security/Permission;)V 481 1 3487 0 -1
ciMethod java/security/AccessController getStackAccessControlContext ()Ljava/security/AccessControlContext; 3073 1 384 0 -1
ciMethod java/security/AccessController getInheritedAccessControlContext ()Ljava/security/AccessControlContext; 3081 1 385 0 -1
ciMethod java/security/AccessController getContext ()Ljava/security/AccessControlContext; 3073 1 22022 0 0
ciMethodData java/lang/Object <init> ()V 2 3996866 orig 264 24 206 224 80 0 0 0 0 128 4 107 22 0 0 0 0 32 1 0 0 0 0 0 0 0 0 0 0 0 0 0 0 0 0 0 0 0 0 0 0 0 0 0 0 0 0 0 0 0 0 0 0 0 0 0 0 0 0 0 0 0 0 0 0 0 0 0 0 0 0 0 0 0 0 0 0 0 0 0 0 77 68 79 32 101 120 116 114 97 32 100 97 116 97 32 108 111 99 107 0 0 0 0 0 0 0 0 0 0 0 0 0 0 0 0 0 0 0 0 0 0 0 0 0 0 0 0 0 0 0 0 0 0 0 0 0 0 0 0 0 0 0 0 0 0 0 0 0 0 0 0 0 0 0 0 0 0 0 0 0 0 0 0 0 0 0 0 0 0 0 0 0 0 0 0 0 0 0 0 0 0 0 0 0 1 0 0 0 0 0 0 0 1 0 0 0 0 0 0 0 1 0 0 0 0 0 0 0 0 0 0 0 0 0 0 0 0 2 0 0 17 214 231 1 1 0 0 0 0 0 0 0 0 0 0 0 2 0 0 0 0 0 3 0 1 0 0 0 0 0 0 0 255 255 255 255 0 0 0 0 0 0 0 0 data 0 oops 0
ciMethod sun/security/util/Debug println (Ljava/lang/String;)V 0 0 1 0 -1
ciMethod java/awt/AWTEvent <init> (Ljava/lang/Object;I)V 1521 1 6348 0 352
ciMethod java/util/EventObject <init> (Ljava/lang/Object;)V 1265 1 13588 0 96
ciMethod java/util/concurrent/atomic/AtomicBoolean get ()Z 537 1 25044 0 64
ciMethod java/awt/event/ActionListener actionPerformed (Ljava/awt/event/ActionEvent;)V 0 0 1 0 -1
ciMethod javax/swing/Timer fireActionPerformed (Ljava/awt/event/ActionEvent;)V 3057 3057 5502 0 0
ciMethod javax/swing/Timer getActionCommand ()Ljava/lang/String; 1025 1 128 0 0
ciMethod javax/swing/Timer cancelEvent ()V 2049 1 5874 0 -1
ciMethod javax/swing/Timer access$000 ()Z 3073 1 5504 0 0
ciMethod javax/swing/Timer access$100 (Ljavax/swing/Timer;)Ljava/util/concurrent/atomic/AtomicBoolean; 1025 1 128 0 0
ciMethod javax/swing/Timer access$200 (Ljavax/swing/Timer;)Z 1025 1 128 0 -1
ciMethod javax/swing/event/EventListenerList getListenerList ()[Ljava/lang/Object; 1481 1 185 0 -1
ciMethod java/awt/event/ActionEvent <init> (Ljava/lang/Object;ILjava/lang/String;JI)V 1513 1 5505 0 0
ciMethod javax/swing/Timer$DoPostEvent run ()V 3073 1 5504 0 -1
ciMethodData java/util/EventObject <init> (Ljava/lang/Object;)V 2 13588 orig 264 24 206 224 80 0 0 0 0 224 27 182 25 0 0 0 0 104 1 0 0 0 0 0 0 0 0 0 0 0 0 0 0 0 0 0 0 0 0 0 0 0 0 0 0 0 0 0 0 0 0 0 0 0 0 0 0 0 0 0 0 0 0 0 0 0 0 0 0 0 0 0 0 0 0 0 0 0 0 0 0 77 68 79 32 101 120 116 114 97 32 100 97 116 97 32 108 111 99 107 0 0 0 0 0 0 0 0 0 0 0 0 0 0 0 0 0 0 0 0 0 0 0 0 0 0 0 0 0 0 0 0 0 0 0 0 0 0 0 0 0 0 0 0 0 0 0 0 0 0 0 0 0 0 0 0 0 0 0 0 0 0 0 0 0 0 0 0 0 0 0 0 0 0 0 0 0 0 0 0 0 0 0 0 0 25 0 0 0 0 0 0 0 0 0 0 0 0 0 0 0 1 0 0 0 0 0 0 0 0 0 0 0 0 0 0 0 158 0 0 0 177 163 1 0 1 0 0 0 0 0 0 0 0 0 0 0 2 0 0 0 0 0 5 0 2 0 0 0 64 0 0 0 255 255 255 255 2 0 1 0 0 0 0 0 data 8 0x10002 0x3476 0x50007 0x3476 0x30 0x0 0xe0002 0x0 oops 0
ciMethodData java/util/concurrent/atomic/AtomicBoolean get ()Z 2 25044 orig 264 24 206 224 80 0 0 0 0 80 96 241 25 0 0 0 0 88 1 0 0 0 0 0 0 0 0 0 0 0 0 0 0 0 0 0 0 0 0 0 0 0 0 0 0 0 0 0 0 0 0 0 0 0 0 0 0 0 0 0 0 0 0 0 0 0 0 0 0 0 0 0 0 0 0 0 0 0 0 0 0 77 68 79 32 101 120 116 114 97 32 100 97 116 97 32 108 111 99 107 0 0 0 0 0 0 0 0 0 0 0 0 0 0 0 0 0 0 0 0 0 0 0 0 0 0 0 0 0 0 0 0 0 0 0 0 0 0 0 0 0 0 0 0 0 0 0 0 0 0 0 0 0 0 0 0 0 0 0 0 0 0 0 0 0 0 0 0 0 0 0 0 0 0 0 0 0 0 0 0 0 0 0 0 0 1 0 0 0 0 0 0 0 0 0 0 0 0 0 0 0 1 0 0 0 0 0 0 0 0 0 0 0 0 0 0 0 67 0 0 0 137 12 3 0 1 0 0 0 0 0 0 0 0 0 0 0 2 0 0 0 0 0 6 0 2 0 0 0 56 0 0 0 255 255 255 255 7 0 4 0 0 0 0 0 data 7 0x40007 0x4852 0x38 0x193f 0x80003 0x193f 0x18 oops 0
ciMethodData java/security/AccessController getContext ()Ljava/security/AccessControlContext; 2 22022 orig 264 24 206 224 80 0 0 0 0 136 166 118 22 0 0 0 0 176 1 0 0 48 0 0 0 0 0 0 0 0 0 0 0 0 0 0 0 0 0 0 0 0 0 0 0 0 0 0 0 0 0 0 0 0 0 0 0 0 0 0 0 0 0 0 0 0 0 0 0 0 0 0 0 0 0 0 0 0 0 0 0 77 68 79 32 101 120 116 114 97 32 100 97 116 97 32 108 111 99 107 0 0 0 0 0 0 0 0 0 0 0 0 0 0 0 0 0 0 0 0 0 0 0 0 0 0 0 0 0 0 0 0 0 0 0 0 0 0 0 0 0 0 0 0 0 0 0 0 0 0 0 0 0 0 0 0 0 0 0 0 0 0 0 0 0 0 0 0 0 0 0 0 0 0 0 0 0 0 0 0 0 0 0 0 0 0 0 0 0 0 0 0 0 0 0 0 0 0 0 0 0 0 0 0 0 0 0 0 0 0 0 0 0 0 0 0 0 128 1 0 0 49 164 2 0 1 0 0 0 0 0 0 0 0 0 0 0 2 0 0 0 0 0 5 0 2 0 0 0 112 0 0 0 255 255 255 255 2 0 0 0 0 0 0 0 data 14 0x2 0x5486 0x50007 0x546e 0x30 0x18 0xe0002 0x18 0x130005 0x0 0x16f24fe0 0x546e 0x0 0x0 oops 1 10 java/security/AccessControlContext
ciMethodData java/security/AccessControlContext <init> ([Ljava/security/ProtectionDomain;Z)V 1 36 orig 264 24 206 224 80 0 0 0 0 152 61 109 22 0 0 0 0 64 1 0 0 0 0 0 0 0 0 0 0 0 0 0 0 0 0 0 0 0 0 0 0 0 0 0 0 0 0 0 0 0 0 0 0 0 0 0 0 0 0 0 0 0 0 0 0 0 0 0 0 0 0 0 0 0 0 0 0 0 0 0 0 77 68 79 32 101 120 116 114 97 32 100 97 116 97 32 108 111 99 107 0 0 0 0 0 0 0 0 0 0 0 0 0 0 0 0 0 0 0 0 0 0 0 0 0 0 0 0 0 0 0 0 0 0 0 0 0 0 0 0 0 0 0 0 0 0 0 0 0 0 0 0 0 0 0 0 0 0 0 0 0 0 0 0 0 0 0 0 0 0 0 0 0 0 0 0 0 0 0 0 0 0 0 0 0 0 0 0 0 0 0 0 0 0 0 0 0 0 0 0 0 0 0 0 0 0 0 0 0 0 0 0 0 0 0 0 0 12 0 0 0 193 0 0 0 1 0 0 0 0 0 0 0 0 0 0 0 2 0 0 0 0 0 0 0 0 0 0 0 16 0 0 0 255 255 255 255 2 0 1 0 0 0 0 0 data 2 0x10002 0x18 oops 0
ciMethodData java/awt/AWTEvent <init> (Ljava/lang/Object;I)V 2 6348 orig 264 24 206 224 80 0 0 0 0 208 9 182 25 0 0 0 0 240 1 0 0 32 0 0 0 0 0 0 0 0 0 0 0 0 0 0 0 0 0 0 0 0 0 0 0 0 0 0 0 0 0 0 0 0 0 0 0 0 0 0 0 0 0 0 0 0 0 0 0 0 0 0 0 0 0 0 0 0 0 0 0 77 68 79 32 101 120 116 114 97 32 100 97 116 97 32 108 111 99 107 0 0 0 0 0 0 0 0 0 0 0 0 0 0 0 0 0 0 0 0 0 0 0 0 0 0 0 0 0 0 0 0 0 0 0 0 0 0 0 0 0 0 0 0 0 0 0 0 0 0 0 0 0 0 0 0 0 0 0 0 0 0 0 0 0 0 0 0 0 0 0 0 0 0 0 0 0 0 0 0 0 0 0 0 0 17 0 0 0 0 0 0 0 0 0 0 0 0 0 0 0 1 0 0 0 0 0 0 0 0 0 0 0 0 0 0 0 190 0 0 0 113 192 0 0 1 0 0 0 0 0 0 0 0 0 0 0 2 0 0 0 0 0 13 0 2 0 0 0 152 0 0 0 255 255 255 255 2 0 2 0 0 0 0 0 data 19 0x20002 0x180e 0xb0002 0x180e 0x1c0008 0xa 0x102 0x78 0x0 0x60 0x0 0x60 0x0 0x60 0x0 0x60 0x4d0003 0x102 0x18 oops 0
ciMethodData java/awt/event/ActionEvent <init> (Ljava/lang/Object;ILjava/lang/String;JI)V 2 5505 orig 264 24 206 224 80 0 0 0 0 216 228 169 27 0 0 0 0 96 1 0 0 0 0 0 0 0 0 0 0 0 0 0 0 0 0 0 0 0 0 0 0 0 0 0 0 0 0 0 0 0 0 0 0 0 0 0 0 0 0 0 0 0 0 0 0 0 0 0 0 0 0 0 0 0 0 0 0 0 0 0 0 77 68 79 32 101 120 116 114 97 32 100 97 116 97 32 108 111 99 107 0 0 0 0 0 0 0 0 0 0 0 0 0 0 0 0 0 0 0 0 0 0 0 0 0 0 0 0 0 0 0 0 0 0 0 0 0 0 0 0 0 0 0 0 0 0 0 0 0 0 0 0 0 0 0 0 0 0 0 0 0 0 0 0 0 0 0 0 0 0 0 0 0 0 0 0 0 0 0 0 0 0 0 0 0 0 0 0 0 0 0 0 0 0 0 0 0 0 0 0 0 0 0 0 0 0 0 0 0 0 0 0 0 0 0 0 0 189 0 0 0 33 166 0 0 1 0 0 0 0 0 0 0 0 0 0 0 2 0 0 0 0 0 3 0 2 0 0 0 16 0 0 0 255 255 255 255 2 0 3 0 0 0 0 0 data 2 0x30002 0x14c4 oops 0
ciMethodData javax/swing/Timer$DoPostEvent run ()V 2 5504 orig 264 24 206 224 80 0 0 0 0 64 53 173 27 0 0 0 0 136 3 0 0 208 0 0 0 0 0 0 0 0 0 0 0 0 0 0 0 0 0 0 0 0 0 0 0 0 0 0 0 0 0 0 0 0 0 0 0 0 0 0 0 0 0 0 0 0 0 0 0 0 0 0 0 0 0 0 0 0 0 0 0 77 68 79 32 101 120 116 114 97 32 100 97 116 97 32 108 111 99 107 0 0 0 0 0 0 0 0 0 0 0 0 0 0 0 0 0 0 0 0 0 0 0 0 0 0 0 0 0 0 0 0 0 0 0 0 0 0 0 0 0 0 0 0 0 0 0 0 0 0 0 0 0 0 0 0 0 0 0 0 0 0 0 0 0 0 0 0 0 0 0 0 0 0 0 0 0 0 0 0 0 0 0 0 0 0 0 0 0 0 0 0 0 0 0 0 0 0 0 0 0 0 0 0 0 0 0 0 0 0 0 0 0 0 0 0 0 128 1 0 0 1 160 0 0 1 0 0 0 0 0 0 0 0 0 0 0 2 0 0 0 0 0 30 0 2 0 0 0 64 2 0 0 255 255 255 255 2 0 0 0 0 0 0 0 data 72 0x2 0x1400 0x30007 0x1400 0xf0 0x0 0xd0002 0x0 0x120005 0x0 0x0 0x0 0x0 0x0 0x190005 0x0 0x0 0x0 0x0 0x0 0x1c0005 0x0 0x0 0x0 0x0 0x0 0x1f0005 0x0 0x0 0x0 0x0 0x0 0x260002 0x1400 0x290005 0x0 0x200355a0 0x1400 0x0 0x0 0x2c0007 0x0 0x100 0x1400 0x400005 0x3c 0x20035650 0x1351 0x20035700 0x73 0x430002 0x1400 0x470002 0x1400 0x4a0005 0x3c 0x20035650 0x1351 0x20035700 0x73 0x510002 0x1400 0x540007 0x0 0x50 0x1400 0x5b0005 0x3c 0x20035650 0x1351 0x20035700 0x73 oops 7 36 java/util/concurrent/atomic/AtomicBoolean 46 javax/swing/Timer 48 com/intellij/openapi/actionSystem/impl/ActionManagerImpl$MyTimer 56 javax/swing/Timer 58 com/intellij/openapi/actionSystem/impl/ActionManagerImpl$MyTimer 68 javax/swing/Timer 70 com/intellij/openapi/actionSystem/impl/ActionManagerImpl$MyTimer
ciMethodData javax/swing/Timer access$000 ()Z 2 5504 orig 264 24 206 224 80 0 0 0 0 240 14 217 26 0 0 0 0 24 1 0 0 0 0 0 0 0 0 0 0 0 0 0 0 0 0 0 0 0 0 0 0 0 0 0 0 0 0 0 0 0 0 0 0 0 0 0 0 0 0 0 0 0 0 0 0 0 0 0 0 0 0 0 0 0 0 0 0 0 0 0 0 77 68 79 32 101 120 116 114 97 32 100 97 116 97 32 108 111 99 107 0 0 0 0 0 0 0 0 0 0 0 0 0 0 0 0 0 0 0 0 0 0 0 0 0 0 0 0 0 0 0 0 0 0 0 0 0 0 0 0 0 0 0 0 0 0 0 0 0 0 0 0 0 0 0 0 0 0 0 0 0 0 0 0 0 0 0 0 0 0 0 0 0 0 0 0 0 0 0 0 0 0 0 0 0 0 0 0 0 0 0 0 0 0 0 0 0 0 0 0 0 0 0 0 0 0 0 0 0 0 0 0 0 0 0 0 0 128 1 0 0 1 160 0 0 1 0 0 0 0 0 0 0 0 0 0 0 2 0 0 0 0 0 3 0 1 0 0 0 0 0 0 0 255 255 255 255 0 0 0 0 0 0 0 0 data 0 oops 0
ciMethodData javax/swing/Timer fireActionPerformed (Ljava/awt/event/ActionEvent;)V 0 0 orig 264 24 206 224 80 0 0 0 0 112 255 216 26 0 0 0 0 56 2 0 0 0 0 0 0 0 0 0 0 0 0 0 0 0 0 0 0 0 0 0 0 0 0 0 0 0 0 0 0 0 0 0 0 0 0 0 0 0 0 0 0 0 0 0 0 0 0 0 0 0 0 0 0 0 0 0 0 0 0 0 0 77 68 79 32 101 120 116 114 97 32 100 97 116 97 32 108 111 99 107 0 0 0 0 0 0 0 0 0 0 0 0 0 0 0 0 0 0 0 0 0 0 0 0 0 0 0 0 0 0 0 0 0 0 0 0 0 0 0 0 0 0 0 0 0 0 0 0 0 0 0 0 0 0 0 0 0 0 0 0 0 0 0 0 0 0 0 0 0 0 0 0 0 0 0 0 0 176 0 0 0 0 0 0 0 0 0 0 0 0 0 0 0 0 0 0 0 0 0 0 0 0 0 0 0 0 0 0 0 0 0 0 0 0 0 0 0 126 1 0 0 1 160 0 0 1 160 0 0 0 0 0 0 0 0 0 0 2 0 0 0 1 0 9 0 2 0 0 0 232 0 0 0 255 255 255 255 5 0 4 0 0 0 0 0 data 29 0x40005 0x0 0x21b05330 0x1400 0x0 0x0 0xe0007 0x1400 0xb8 0x4b001400 0x160007 0x0 0x80 0x1400 0x1e0004 0x0 0x21b068b0 0x1345 0x9700000100919368 0x11 0x220005 0x45 0x1010e92e0 0x1348 0x100919368 0x73 0x2a0003 0x1400 0xffffffffffffff60 oops 5 2 javax/swing/event/EventListenerList 16 com/jediterm/terminal/ui/TerminalPanel$WeakRedrawTimer